# JRE version: Java(TM) SE Runtime Environment 18.9 (11.0.16.1+1) (build 11.0.16.1+1-LTS-1)
# Java VM: Java HotSpot(TM) 64-Bit Server VM 18.9 (11.0.16.1+1-LTS-1, mixed mode, tiered, compressed oops, g1 gc, windows-amd64)
Heap:
 garbage-first heap   total 593920K, used 263862K [0x0000000080000000, 0x0000000100000000)
  region size 1024K, 3 young (3072K), 3 survivors (3072K)
 Metaspace       used 162676K, capacity 170977K, committed 171132K, reserved 663552K
  class space    used 21817K, capacity 24711K, committed 24832K, reserved 516096K
GC Heap History (10 events):
Event: 120.391 GC heap after
{Heap after GC invocations=163 (full 0):
 garbage-first heap   total 386048K, used 347460K [0x0000000080000000, 0x0000000100000000)
  region size 1024K, 2 young (2048K), 2 survivors (2048K)
 Metaspace       used 157790K, capacity 165990K, committed 166140K, reserved 659456K
  class space    used 21204K, capacity 24079K, committed 24192K, reserved 516096K
}
Event: 120.761 GC heap before
{Heap before GC invocations=163 (full 0):
 garbage-first heap   total 386048K, used 361796K [0x0000000080000000, 0x0000000100000000)
  region size 1024K, 18 young (18432K), 2 survivors (2048K)
 Metaspace       used 159554K, capacity 167791K, committed 168060K, reserved 661504K
  class space    used 21388K, capacity 24273K, committed 24320K, reserved 516096K
}
Event: 120.773 GC heap after
{Heap after GC invocations=164 (full 0):
 garbage-first heap   total 386048K, used 346231K [0x0000000080000000, 0x0000000100000000)
  region size 1024K, 1 young (1024K), 1 survivors (1024K)
 Metaspace       used 159554K, capacity 167791K, committed 168060K, reserved 661504K
  class space    used 21388K, capacity 24273K, committed 24320K, reserved 516096K
}
Event: 120.951 GC heap before
{Heap before GC invocations=165 (full 0):
 garbage-first heap   total 386048K, used 363639K [0x0000000080000000, 0x0000000100000000)
  region size 1024K, 18 young (18432K), 1 survivors (1024K)
 Metaspace       used 160127K, capacity 168412K, committed 168700K, reserved 661504K
  class space    used 21473K, capacity 24371K, committed 24448K, reserved 516096K
}
Event: 120.954 GC heap after
{Heap after GC invocations=166 (full 0):
 garbage-first heap   total 386048K, used 346817K [0x0000000080000000, 0x0000000100000000)
  region size 1024K, 2 young (2048K), 2 survivors (2048K)
 Metaspace       used 160127K, capacity 168412K, committed 168700K, reserved 661504K
  class space    used 21473K, capacity 24371K, committed 24448K, reserved 516096K
}
Event: 121.108 GC heap before
{Heap before GC invocations=166 (full 0):
 garbage-first heap   total 386048K, used 363201K [0x0000000080000000, 0x0000000100000000)
  region size 1024K, 18 young (18432K), 2 survivors (2048K)
 Metaspace       used 161020K, capacity 169326K, committed 169596K, reserved 661504K
  class space    used 21604K, capacity 24503K, committed 24576K, reserved 516096K
}
Event: 121.114 GC heap after
{Heap after GC invocations=167 (full 0):
 garbage-first heap   total 386048K, used 310124K [0x0000000080000000, 0x0000000100000000)
  region size 1024K, 3 young (3072K), 3 survivors (3072K)
 Metaspace       used 161020K, capacity 169326K, committed 169596K, reserved 661504K
  class space    used 21604K, capacity 24503K, committed 24576K, reserved 516096K
}
Event: 121.205 GC heap before
{Heap before GC invocations=167 (full 0):
 garbage-first heap   total 386048K, used 325484K [0x0000000080000000, 0x0000000100000000)
  region size 1024K, 18 young (18432K), 3 survivors (3072K)
 Metaspace       used 161660K, capacity 169914K, committed 170108K, reserved 663552K
  class space    used 21692K, capacity 24570K, committed 24576K, reserved 516096K
}
Event: 121.225 GC heap after
{Heap after GC invocations=168 (full 0):
 garbage-first heap   total 386048K, used 281043K [0x0000000080000000, 0x0000000100000000)
  region size 1024K, 3 young (3072K), 3 survivors (3072K)
 Metaspace       used 161660K, capacity 169914K, committed 170108K, reserved 663552K
  class space    used 21692K, capacity 24570K, committed 24576K, reserved 516096K
}
Event: 121.369 GC heap before
{Heap before GC invocations=168 (full 0):
 garbage-first heap   total 386048K, used 296403K [0x0000000080000000, 0x0000000100000000)
  region size 1024K, 18 young (18432K), 3 survivors (3072K)
 Metaspace       used 162676K, capacity 170977K, committed 171132K, reserved 663552K
  class space    used 21817K, capacity 24711K, committed 24832K, reserved 516096K
}

