# JRE version: Java(TM) SE Runtime Environment 18.9 (11.0.16.1+1) (build 11.0.16.1+1-LTS-1)
# Java VM: Java HotSpot(TM) 64-Bit Server VM 18.9 (11.0.16.1+1-LTS-1, mixed mode, tiered, compressed oops, g1 gc, windows-amd64)
Heap:
 garbage-first heap   total 253952K, used 190947K [0x0000000080000000, 0x0000000100000000)
  region size 1024K, 17 young (17408K), 3 survivors (3072K)
 Metaspace       used 162839K, capacity 167650K, committed 167884K, reserved 661504K
  class space    used 20872K, capacity 22691K, committed 22732K, reserved 516096K
GC Heap History (10 events):
Event: 4198.688 GC heap before
{Heap before GC invocations=72 (full 0):
 garbage-first heap   total 253952K, used 211059K [0x0000000080000000, 0x0000000100000000)
  region size 1024K, 78 young (79872K), 6 survivors (6144K)
 Metaspace       used 158263K, capacity 162342K, committed 162380K, reserved 657408K
  class space    used 20234K, capacity 21824K, committed 21836K, reserved 516096K
}
Event: 4198.713 GC heap after
{Heap after GC invocations=73 (full 0):
 garbage-first heap   total 253952K, used 145890K [0x0000000080000000, 0x0000000100000000)
  region size 1024K, 8 young (8192K), 8 survivors (8192K)
 Metaspace       used 158263K, capacity 162342K, committed 162380K, reserved 657408K
  class space    used 20234K, capacity 21824K, committed 21836K, reserved 516096K
}
Event: 4198.776 GC heap before
{Heap before GC invocations=73 (full 0):
 garbage-first heap   total 253952K, used 149986K [0x0000000080000000, 0x0000000100000000)
  region size 1024K, 12 young (12288K), 8 survivors (8192K)
 Metaspace       used 158385K, capacity 162430K, committed 162636K, reserved 657408K
  class space    used 20257K, capacity 21836K, committed 21836K, reserved 516096K
}
Event: 4198.789 GC heap after
{Heap after GC invocations=74 (full 0):
 garbage-first heap   total 253952K, used 146045K [0x0000000080000000, 0x0000000100000000)
  region size 1024K, 2 young (2048K), 2 survivors (2048K)
 Metaspace       used 158385K, capacity 162430K, committed 162636K, reserved 657408K
  class space    used 20257K, capacity 21836K, committed 21836K, reserved 516096K
}
Event: 4201.054 GC heap before
{Heap before GC invocations=74 (full 0):
 garbage-first heap   total 253952K, used 208509K [0x0000000080000000, 0x0000000100000000)
  region size 1024K, 64 young (65536K), 2 survivors (2048K)
 Metaspace       used 160028K, capacity 164422K, committed 164556K, reserved 659456K
  class space    used 20521K, capacity 22199K, committed 22220K, reserved 516096K
}
Event: 4201.065 GC heap after
{Heap after GC invocations=75 (full 0):
 garbage-first heap   total 253952K, used 153715K [0x0000000080000000, 0x0000000100000000)
  region size 1024K, 8 young (8192K), 8 survivors (8192K)
 Metaspace       used 160028K, capacity 164422K, committed 164556K, reserved 659456K
  class space    used 20521K, capacity 22199K, committed 22220K, reserved 516096K
}
Event: 4203.322 GC heap before
{Heap before GC invocations=75 (full 0):
 garbage-first heap   total 253952K, used 217203K [0x0000000080000000, 0x0000000100000000)
  region size 1024K, 63 young (64512K), 8 survivors (8192K)
 Metaspace       used 160630K, capacity 165243K, committed 165452K, reserved 659456K
  class space    used 20569K, capacity 22312K, committed 22348K, reserved 516096K
}
Event: 4203.402 GC heap after
{Heap after GC invocations=76 (full 0):
 garbage-first heap   total 253952K, used 174004K [0x0000000080000000, 0x0000000100000000)
  region size 1024K, 8 young (8192K), 8 survivors (8192K)
 Metaspace       used 160630K, capacity 165243K, committed 165452K, reserved 659456K
  class space    used 20569K, capacity 22312K, committed 22348K, reserved 516096K
}
Event: 4204.514 GC heap before
{Heap before GC invocations=76 (full 0):
 garbage-first heap   total 253952K, used 212916K [0x0000000080000000, 0x0000000100000000)
  region size 1024K, 46 young (47104K), 8 survivors (8192K)
 Metaspace       used 162460K, capacity 167234K, committed 167372K, reserved 661504K
  class space    used 20824K, capacity 22659K, committed 22732K, reserved 516096K
}
Event: 4204.533 GC heap after
{Heap after GC invocations=77 (full 0):
 garbage-first heap   total 253952K, used 177635K [0x0000000080000000, 0x0000000100000000)
  region size 1024K, 3 young (3072K), 3 survivors (3072K)
 Metaspace       used 162460K, capacity 167234K, committed 167372K, reserved 661504K
  class space    used 20824K, capacity 22659K, committed 22732K, reserved 516096K
}

